<?xml version="1.0" encoding="UTF-8"?>
<testsuite name="hw3.BidsAnalyzerReducerTest" tests="1" skipped="0" failures="0" errors="0" timestamp="2018-01-24T15:00:00" hostname="EPRUPETW1405" time="0.0">
  <properties/>
  <testcase name="testCorrectReducerOutput" classname="hw3.BidsAnalyzerReducerTest" time="0.0"/>
  <system-out><![CDATA[2018-01-24 18:00:00 DEBUG TestDriver:814 - Matched expected output (zhongshan, 5,1030) at position 0
]]></system-out>
  <system-err><![CDATA[]]></system-err>
</testsuite>
