<?xml version="1.0" encoding="UTF-8"?>
<testsuite name="hw3.BidsAnalyzerMapperTest" tests="6" skipped="0" failures="0" errors="0" timestamp="2018-01-24T14:59:59" hostname="EPRUPETW1405" time="0.531">
  <properties/>
  <testcase name="testMapperNoOutputIfInvalidChunksCount" classname="hw3.BidsAnalyzerMapperTest" time="0.476"/>
  <testcase name="testNoMapperOutputWithoutCache" classname="hw3.BidsAnalyzerMapperTest" time="0.009"/>
  <testcase name="testMapperNoOutputIfInvalidPrice" classname="hw3.BidsAnalyzerMapperTest" time="0.015"/>
  <testcase name="testNoMapperOutputWithoutCityName" classname="hw3.BidsAnalyzerMapperTest" time="0.0"/>
  <testcase name="testMapperNoOutputIfSmallPrice" classname="hw3.BidsAnalyzerMapperTest" time="0.016"/>
  <testcase name="testCorrectMapperOutput" classname="hw3.BidsAnalyzerMapperTest" time="0.015"/>
  <system-out><![CDATA[2018-01-24 17:59:59 DEBUG MapDriverBase:306 - Mapping input (0, 20131019025500549	1	CAD06D3WCtf	Mozilla/4.0 (compatible; MSIE 6.0; Windows NT 5.1; SV1)	113.117.187.*	216	234	2	33235ca84c5fee9254e6512a41b3ad5e	8bbb5a81cc3d680dd0c27cf4886ddeae	null	3061584349	728	90	OtherView	Na	5	7330	277	48	null	2259	10057,13800,13496,10079,10076,10075,10093,10129,10024,10006,10110,13776,10146,10120,10115,10063)
2018-01-24 17:59:59 INFO  deprecation:1173 - mapred.cache.localFiles is deprecated. Instead, use mapreduce.job.cache.local.files
2018-01-24 17:59:59 DEBUG MutableMetricsFactory:42 - field org.apache.hadoop.metrics2.lib.MutableRate org.apache.hadoop.security.UserGroupInformation$UgiMetrics.loginSuccess with annotation @org.apache.hadoop.metrics2.annotation.Metric(sampleName=Ops, always=false, about=, type=DEFAULT, value=[Rate of successful kerberos logins and latency (milliseconds)], valueName=Time)
2018-01-24 17:59:59 DEBUG MutableMetricsFactory:42 - field org.apache.hadoop.metrics2.lib.MutableRate org.apache.hadoop.security.UserGroupInformation$UgiMetrics.loginFailure with annotation @org.apache.hadoop.metrics2.annotation.Metric(sampleName=Ops, always=false, about=, type=DEFAULT, value=[Rate of failed kerberos logins and latency (milliseconds)], valueName=Time)
2018-01-24 17:59:59 DEBUG MutableMetricsFactory:42 - field org.apache.hadoop.metrics2.lib.MutableRate org.apache.hadoop.security.UserGroupInformation$UgiMetrics.getGroups with annotation @org.apache.hadoop.metrics2.annotation.Metric(sampleName=Ops, always=false, about=, type=DEFAULT, value=[GetGroups], valueName=Time)
2018-01-24 17:59:59 DEBUG MetricsSystemImpl:232 - UgiMetrics, User and group related metrics
2018-01-24 17:59:59 DEBUG Groups:301 -  Creating new Groups object
2018-01-24 17:59:59 DEBUG NativeCodeLoader:46 - Trying to load the custom-built native-hadoop library...
2018-01-24 17:59:59 DEBUG NativeCodeLoader:55 - Failed to load native-hadoop with error: java.lang.UnsatisfiedLinkError: no hadoop in java.library.path
2018-01-24 17:59:59 DEBUG NativeCodeLoader:56 - java.library.path=C:\oracle\Java\jdk1.8.0_161\bin;C:\WINDOWS\Sun\Java\bin;C:\WINDOWS\system32;C:\WINDOWS;C:\ProgramData\Oracle\Java\javapath;C:\WINDOWS\system32;C:\WINDOWS;C:\WINDOWS\System32\Wbem;C:\WINDOWS\System32\WindowsPowerShell\v1.0\;C:\Program Files\TortoiseSVN\bin;C:\Program Files\PuTTY\;C:\Program Files\Git\cmd;C:\Users\Ivan_Ivanov1\AppData\Local\Microsoft\WindowsApps;C:\oracle\Java\jdk1.8.0_161\bin;D:\BD_Course\HadoopBins\;;.
2018-01-24 17:59:59 WARN  NativeCodeLoader:62 - Unable to load native-hadoop library for your platform... using builtin-java classes where applicable
2018-01-24 17:59:59 DEBUG PerformanceAdvisory:41 - Falling back to shell based
2018-01-24 17:59:59 DEBUG JniBasedUnixGroupsMappingWithFallback:45 - Group mapping impl=org.apache.hadoop.security.ShellBasedUnixGroupsMapping
2018-01-24 17:59:59 DEBUG Groups:112 - Group mapping impl=org.apache.hadoop.security.JniBasedUnixGroupsMappingWithFallback; cacheTimeout=300000; warningDeltaMs=5000
2018-01-24 17:59:59 DEBUG UserGroupInformation:221 - hadoop login
2018-01-24 17:59:59 DEBUG UserGroupInformation:156 - hadoop login commit
2018-01-24 17:59:59 DEBUG UserGroupInformation:186 - using local user:NTUserPrincipal: Ivan_Ivanov1
2018-01-24 17:59:59 DEBUG UserGroupInformation:192 - Using user: "NTUserPrincipal: Ivan_Ivanov1" with name Ivan_Ivanov1
2018-01-24 17:59:59 DEBUG UserGroupInformation:202 - User entry: "Ivan_Ivanov1"
2018-01-24 17:59:59 DEBUG UserGroupInformation:826 - UGI loginUser:Ivan_Ivanov1 (auth:SIMPLE)
2018-01-24 17:59:59 DEBUG MapDriverBase:306 - Mapping input (0, 2e72d1bd7185fb76d69c852c57436d37	20131019025500549	1	CAD06D3WCtf	Mozilla/4.0 (compatible; MSIE 6.0; Windows NT 5.1; SV1)	113.117.187.*	216	234	2	33235ca84c5fee9254e6512a41b3ad5e	8bbb5a81cc3d680dd0c27cf4886ddeae	null	3061584349	728	90	OtherView	Na	5	7330	277	48	null	2259	10057,13800,13496,10079,10076,10075,10093,10129,10024,10006,10110,13776,10146,10120,10115,10063)
2018-01-24 17:59:59 DEBUG MapDriverBase:306 - Mapping input (0, 2e72d1bd7185fb76d69c852c57436d37	20131019025500549	1	CAD06D3WCtf	Mozilla/4.0 (compatible; MSIE 6.0; Windows NT 5.1; SV1)	113.117.187.*	216	234	2	33235ca84c5fee9254e6512a41b3ad5e	8bbb5a81cc3d680dd0c27cf4886ddeae	null	3061584349	728	90	OtherView	Na	5	7330	277$	48	null	2259	10057,13800,13496,10079,10076,10075,10093,10129,10024,10006,10110,13776,10146,10120,10115,10063)
2018-01-24 18:00:00 DEBUG MapDriverBase:306 - Mapping input (0, 2e72d1bd7185fb76d69c852c57436d37	20131019025500549	1	CAD06D3WCtf	Mozilla/4.0 (compatible; MSIE 6.0; Windows NT 5.1; SV1)	113.117.187.*	216	999	2	33235ca84c5fee9254e6512a41b3ad5e	8bbb5a81cc3d680dd0c27cf4886ddeae	null	3061584349	728	90	OtherView	Na	5	7330	277	48	null	2259	10057,13800,13496,10079,10076,10075,10093,10129,10024,10006,10110,13776,10146,10120,10115,10063)
2018-01-24 18:00:00 DEBUG MapDriverBase:306 - Mapping input (0, 2e72d1bd7185fb76d69c852c57436d37	20131019025500549	1	CAD06D3WCtf	Mozilla/4.0 (compatible; MSIE 6.0; Windows NT 5.1; SV1)	113.117.187.*	216	234	2	33235ca84c5fee9254e6512a41b3ad5e	8bbb5a81cc3d680dd0c27cf4886ddeae	null	3061584349	728	90	OtherView	Na	5	7330	240	48	null	2259	10057,13800,13496,10079,10076,10075,10093,10129,10024,10006,10110,13776,10146,10120,10115,10063)
2018-01-24 18:00:00 DEBUG MapDriverBase:306 - Mapping input (0, 2e72d1bd7185fb76d69c852c57436d37	20131019025500549	1	CAD06D3WCtf	Mozilla/4.0 (compatible; MSIE 6.0; Windows NT 5.1; SV1)	113.117.187.*	216	234	2	33235ca84c5fee9254e6512a41b3ad5e	8bbb5a81cc3d680dd0c27cf4886ddeae	null	3061584349	728	90	OtherView	Na	5	7330	277	48	null	2259	10057,13800,13496,10079,10076,10075,10093,10129,10024,10006,10110,13776,10146,10120,10115,10063)
2018-01-24 18:00:00 DEBUG TestDriver:814 - Matched expected output (zhongshan, 1,277) at position 0
]]></system-out>
  <system-err><![CDATA[]]></system-err>
</testsuite>
