<?xml version="1.0" encoding="UTF-8"?>
<testsuite name="hw1.LongestWordTest" tests="1" skipped="0" failures="0" errors="0" timestamp="2018-01-24T14:59:59" hostname="EPRUPETW1405" time="0.047">
  <properties/>
  <testcase name="testCorrectMapperAndReducerOutput" classname="hw1.LongestWordTest" time="0.047"/>
  <system-out><![CDATA[2018-01-24 17:59:59 DEBUG MapReduceDriver:233 - Starting map phase with mapper: hw1.LongestWordMapper@7ebe1347
2018-01-24 17:59:59 DEBUG MapReduceDriver:248 - Starting reduce phase with reducer: hw1.LongestWordReducer@2b28588e
2018-01-24 17:59:59 DEBUG ReducePhaseRunner:67 - Reducing input ((smuggler,, 9))
2018-01-24 17:59:59 DEBUG TestDriver:814 - Matched expected output (smuggler,, 9) at position 0
]]></system-out>
  <system-err><![CDATA[]]></system-err>
</testsuite>
