<?xml version="1.0" encoding="UTF-8"?>
<testsuite name="parsers.UserAgentParserTest" tests="1" skipped="0" failures="0" errors="0" timestamp="2018-01-26T18:55:28" hostname="DESKTOP-9ER569U" time="0.01">
  <properties/>
  <testcase name="testEvaluateOk" classname="parsers.UserAgentParserTest" time="0.01"/>
  <system-out><![CDATA[]]></system-out>
  <system-err><![CDATA[]]></system-err>
</testsuite>
