<?xml version="1.0" encoding="UTF-8"?>
<testsuite name="parsers.UserAgentParserTest" tests="1" skipped="0" failures="0" errors="0" timestamp="2018-01-29T08:40:40" hostname="EPRUPETW1405" time="0.043">
  <properties/>
  <testcase name="testEvaluateOk" classname="parsers.UserAgentParserTest" time="0.043"/>
  <system-out><![CDATA[]]></system-out>
  <system-err><![CDATA[]]></system-err>
</testsuite>
